<?xml version="1.0" encoding="UTF-8"?>
<!-- Generated by org.testng.reporters.JUnitReportReporter -->
<testsuite skipped="0" hostname="DESKTOP-CGJHR81" name="com.facebook.Testcase.LoginPageTest" tests="2" failures="0" timestamp="14 Feb 2019 06:26:24 GMT" time="7.305" errors="0">
  <testcase name="verifyTitle" time="0.024" classname="com.facebook.Testcase.LoginPageTest"/>
  <testcase name="verifyLoginTest" time="7.281" classname="com.facebook.Testcase.LoginPageTest"/>
</testsuite> <!-- com.facebook.Testcase.LoginPageTest -->
