<?xml version="1.0" encoding="UTF-8"?>
<!-- Generated by org.testng.reporters.JUnitReportReporter -->
<testsuite skipped="0" hostname="DESKTOP-CGJHR81" name="Testcase.Logintest" tests="1" failures="0" timestamp="12 Feb 2019 15:05:27 GMT" time="12.440" errors="0">
  <testcase name="checklogin" time="12.440" classname="Testcase.Logintest"/>
</testsuite> <!-- Testcase.Logintest -->
